<?xml version="1.0" encoding="UTF-8"?>
<!DOCTYPE suite SYSTEM "https://testng.org/testng-1.0.dtd" >

<suite name="Group1" parallel="tests" thread-count="2">
    <test name="Multiplication group1 test">
        <groups>
            <run>
                <include name="group1"></include>
            </run>
        </groups>
        <classes>
            <class name="MultiplicationTest"></class>
        </classes>
    </test>
</suite>