<?xml version="1.0" encoding="UTF-8"?>
<!DOCTYPE suite SYSTEM "https://testng.org/testng-1.0.dtd" >

<suite name="Group1">
    <test name="Multiplication group1 test">
        <groups>
            <run>
                <include name="group1"/>
            </run>
        </groups>
        <classes>
            <class name="MultiplicationTest"/>
        </classes>
    </test>
</suite>